0 info it worked if it ends with ok
1 verbose cli [ 'node', '/usr/local/bin/npm', 'v' ]
2 info using npm@2.1.14
3 info using node@v0.10.35
4 verbose node symlink /usr/local/bin/node
5 verbose stack Error: Invalid package.json
5 verbose stack     at /usr/local/lib/node_modules/npm/lib/view.js:79:30
5 verbose stack     at /usr/local/lib/node_modules/npm/node_modules/read-package-json/read-json.js:51:40
5 verbose stack     at /usr/local/lib/node_modules/npm/node_modules/read-package-json/read-json.js:97:49
5 verbose stack     at evalmachine.<anonymous>:208:20
5 verbose stack     at OpenReq.Req.done (/usr/local/lib/node_modules/npm/node_modules/graceful-fs/graceful-fs.js:141:5)
5 verbose stack     at OpenReq.done (/usr/local/lib/node_modules/npm/node_modules/graceful-fs/graceful-fs.js:61:22)
5 verbose stack     at Object.oncomplete (evalmachine.<anonymous>:108:15)
6 verbose cwd /Users/wyatt/git/toy
7 error Darwin 14.3.0
8 error argv "node" "/usr/local/bin/npm" "v"
9 error node v0.10.35
10 error npm  v2.1.14
11 error Invalid package.json
12 error If you need help, you may report this error at:
12 error     <http://github.com/npm/npm/issues>
13 verbose exit [ 1, true ]
